d:\file exchange v12.0\pegasis_routing_in_wsn_v12.0\pegasis_workspace\src\simulation\dsr\x64\debug\vc142.pdb
d:\file exchange v12.0\pegasis_routing_in_wsn_v12.0\pegasis_workspace\src\simulation\dsr\x64\debug\vc142.idb
d:\file exchange v12.0\pegasis_routing_in_wsn_v12.0\pegasis_workspace\src\simulation\dsr\x64\debug\sourceroute.obj
d:\file exchange v12.0\pegasis_routing_in_wsn_v12.0\pegasis_workspace\src\simulation\dsr\x64\debug\sendbuffer.obj
d:\file exchange v12.0\pegasis_routing_in_wsn_v12.0\pegasis_workspace\src\simulation\dsr\x64\debug\routerequest.obj
d:\file exchange v12.0\pegasis_routing_in_wsn_v12.0\pegasis_workspace\src\simulation\dsr\x64\debug\routereply.obj
d:\file exchange v12.0\pegasis_routing_in_wsn_v12.0\pegasis_workspace\src\simulation\dsr\x64\debug\routeerror.obj
d:\file exchange v12.0\pegasis_routing_in_wsn_v12.0\pegasis_workspace\src\simulation\dsr\x64\debug\routecache.obj
d:\file exchange v12.0\pegasis_routing_in_wsn_v12.0\pegasis_workspace\src\simulation\dsr\x64\debug\pegasis.obj
d:\file exchange v12.0\pegasis_routing_in_wsn_v12.0\pegasis_workspace\src\simulation\dsr\x64\debug\packetprocessing.obj
d:\file exchange v12.0\pegasis_routing_in_wsn_v12.0\pegasis_workspace\src\simulation\dsr\x64\debug\network_layer_ack.obj
d:\file exchange v12.0\pegasis_routing_in_wsn_v12.0\pegasis_workspace\src\simulation\dsr\x64\debug\matlab_interface.obj
d:\file exchange v12.0\pegasis_routing_in_wsn_v12.0\pegasis_workspace\src\simulation\dsr\x64\debug\maintbuffer.obj
d:\file exchange v12.0\pegasis_routing_in_wsn_v12.0\pegasis_workspace\src\simulation\dsr\x64\debug\dsr.obj
d:\file exchange v12.0\pegasis_routing_in_wsn_v12.0\pegasis_workspace\src\simulation\dsr\x64\debug\checkroutefound.obj
d:\file exchange v12.0\pegasis_routing_in_wsn_v12.0\pegasis_workspace\bin\bin_x64\dsr.lib
d:\file exchange v12.0\pegasis_routing_in_wsn_v12.0\pegasis_workspace\bin\bin_x64\dsr.exp
d:\file exchange v12.0\pegasis_routing_in_wsn_v12.0\pegasis_workspace\bin\bin_x64\libdsr.dll
d:\file exchange v12.0\pegasis_routing_in_wsn_v12.0\pegasis_workspace\bin\bin_x64\dsr.pdb
d:\file exchange v12.0\pegasis_routing_in_wsn_v12.0\pegasis_workspace\src\simulation\dsr\x64\debug\dsr.tlog\cl.command.1.tlog
d:\file exchange v12.0\pegasis_routing_in_wsn_v12.0\pegasis_workspace\src\simulation\dsr\x64\debug\dsr.tlog\cl.read.1.tlog
d:\file exchange v12.0\pegasis_routing_in_wsn_v12.0\pegasis_workspace\src\simulation\dsr\x64\debug\dsr.tlog\cl.write.1.tlog
d:\file exchange v12.0\pegasis_routing_in_wsn_v12.0\pegasis_workspace\src\simulation\dsr\x64\debug\dsr.tlog\dsr.write.1u.tlog
d:\file exchange v12.0\pegasis_routing_in_wsn_v12.0\pegasis_workspace\src\simulation\dsr\x64\debug\dsr.tlog\link.command.1.tlog
d:\file exchange v12.0\pegasis_routing_in_wsn_v12.0\pegasis_workspace\src\simulation\dsr\x64\debug\dsr.tlog\link.read.1.tlog
d:\file exchange v12.0\pegasis_routing_in_wsn_v12.0\pegasis_workspace\src\simulation\dsr\x64\debug\dsr.tlog\link.write.1.tlog
